<?xml version='1.0' encoding='UTF-8'?>
<testsuite hostname="juan-mac-studio.local" name="scala.meta.metals.standalone.LspClientTest" tests="9" errors="0" failures="0" skipped="0" time="0.347" timestamp="2025-06-27T10:31:25">
          <properties>
[...]
</properties>
          <testcase classname="scala.meta.metals.standalone.LspClientTest" name="LspClient can be instantiated" time="0.034">
                      
                    </testcase><testcase classname="scala.meta.metals.standalone.LspClientTest" name="sendRequest creates proper JSON-RPC request" time="0.097">
                      
                    </testcase><testcase classname="scala.meta.metals.standalone.LspClientTest" name="sendNotification creates proper JSON-RPC notification" time="0.001">
                      
                    </testcase><testcase classname="scala.meta.metals.standalone.LspClientTest" name="sendRequest without params works" time="0.002">
                      
                    </testcase><testcase classname="scala.meta.metals.standalone.LspClientTest" name="sendNotification without params works" time="0.001">
                      
                    </testcase><testcase classname="scala.meta.metals.standalone.LspClientTest" name="handles window/showMessage correctly" time="0.106">
                      
                    </testcase><testcase classname="scala.meta.metals.standalone.LspClientTest" name="handles response messages correctly" time="0.001">
                      
                    </testcase><testcase classname="scala.meta.metals.standalone.LspClientTest" name="shutdown sends proper shutdown sequence" time="0.104">
                      
                    </testcase><testcase classname="scala.meta.metals.standalone.LspClientTest" name="message format validation" time="0.001">
                      
                    </testcase>
          <system-out><![CDATA[]]></system-out>
          <system-err><![CDATA[]]></system-err>
        </testsuite>