<?xml version='1.0' encoding='UTF-8'?>
<testsuite hostname="juan-mac-studio.local" name="scala.meta.metals.standalone.MetalsLauncherTest" tests="14" errors="0" failures="0" skipped="0" time="1.089" timestamp="2025-06-27T10:31:25">
          <properties>
[...]
</properties>
          <testcase classname="scala.meta.metals.standalone.MetalsLauncherTest" name="validateProject returns false for non-existent path" time="0.037">
                      
                    </testcase><testcase classname="scala.meta.metals.standalone.MetalsLauncherTest" name="validateProject returns false for file instead of directory" time="0.002">
                      
                    </testcase><testcase classname="scala.meta.metals.standalone.MetalsLauncherTest" name="validateProject returns true for valid directory" time="0.004">
                      
                    </testcase><testcase classname="scala.meta.metals.standalone.MetalsLauncherTest" name="isScalaProject detects build.sbt" time="0.006">
                      
                    </testcase><testcase classname="scala.meta.metals.standalone.MetalsLauncherTest" name="isScalaProject detects Build.scala" time="0.002">
                      
                    </testcase><testcase classname="scala.meta.metals.standalone.MetalsLauncherTest" name="isScalaProject detects build.sc (Mill)" time="0.001">
                      
                    </testcase><testcase classname="scala.meta.metals.standalone.MetalsLauncherTest" name="isScalaProject detects pom.xml" time="0.001">
                      
                    </testcase><testcase classname="scala.meta.metals.standalone.MetalsLauncherTest" name="isScalaProject detects build.gradle" time="0.001">
                      
                    </testcase><testcase classname="scala.meta.metals.standalone.MetalsLauncherTest" name="isScalaProject detects project.scala" time="0.001">
                      
                    </testcase><testcase classname="scala.meta.metals.standalone.MetalsLauncherTest" name="isScalaProject detects .scala files" time="0.002">
                      
                    </testcase><testcase classname="scala.meta.metals.standalone.MetalsLauncherTest" name="isScalaProject detects .sc files" time="0.001">
                      
                    </testcase><testcase classname="scala.meta.metals.standalone.MetalsLauncherTest" name="isScalaProject returns false for non-Scala project" time="0.004">
                      
                    </testcase><testcase classname="scala.meta.metals.standalone.MetalsLauncherTest" name="findMetalsInstallation returns None when no installation found" time="1.026">
                      
                    </testcase><testcase classname="scala.meta.metals.standalone.MetalsLauncherTest" name="MetalsInstallation types are properly defined" time="0.001">
                      
                    </testcase>
          <system-out><![CDATA[]]></system-out>
          <system-err><![CDATA[]]></system-err>
        </testsuite>